2023-04-12 23:14:45.136 [restartedMain] INFO  com.gbq.hospital.HospitalApp - Starting HospitalApp on Cc with PID 15968 (D:\a1\hospital\target\classes started by lnwade in D:\a1\hospital)
2023-04-12 23:14:45.139 [restartedMain] INFO  com.gbq.hospital.HospitalApp - No active profile set, falling back to default profiles: default
2023-04-12 23:14:45.221 [restartedMain] INFO  o.s.b.d.env.DevToolsPropertyDefaultsPostProcessor - Devtools property defaults active! Set 'spring.devtools.add-properties' to 'false' to disable
2023-04-12 23:14:45.221 [restartedMain] INFO  o.s.b.d.env.DevToolsPropertyDefaultsPostProcessor - For additional web related logging consider setting the 'logging.level.web' property to 'DEBUG'
2023-04-12 23:14:46.167 [restartedMain] INFO  o.s.c.s.PostProcessorRegistrationDelegate$BeanPostProcessorChecker - Bean 'shiroConfiguration' of type [com.gbq.hospital.config.shiro.ShiroConfiguration$$EnhancerBySpringCGLIB$$782c2b66] is not eligible for getting processed by all BeanPostProcessors (for example: not eligible for auto-proxying)
2023-04-12 23:14:46.202 [restartedMain] INFO  com.gbq.hospital.config.shiro.ShiroConfiguration - 注入Shiro的Web过滤器-->securityManager
2023-04-12 23:14:47.102 [restartedMain] INFO  o.s.c.s.PostProcessorRegistrationDelegate$BeanPostProcessorChecker - Bean 'sessionManager' of type [com.gbq.hospital.config.shiro.MySessionManager] is not eligible for getting processed by all BeanPostProcessors (for example: not eligible for auto-proxying)
2023-04-12 23:14:47.105 [restartedMain] INFO  o.s.c.s.PostProcessorRegistrationDelegate$BeanPostProcessorChecker - Bean 'securityManager' of type [org.apache.shiro.web.mgt.DefaultWebSecurityManager] is not eligible for getting processed by all BeanPostProcessors (for example: not eligible for auto-proxying)
2023-04-12 23:14:47.106 [restartedMain] INFO  com.gbq.hospital.config.shiro.ShiroConfiguration - 注入Shiro的Web过滤器-->shiroFilter
2023-04-12 23:14:47.162 [restartedMain] INFO  o.s.c.s.PostProcessorRegistrationDelegate$BeanPostProcessorChecker - Bean 'org.springframework.transaction.annotation.ProxyTransactionManagementConfiguration' of type [org.springframework.transaction.annotation.ProxyTransactionManagementConfiguration$$EnhancerBySpringCGLIB$$1a5e20a2] is not eligible for getting processed by all BeanPostProcessors (for example: not eligible for auto-proxying)
2023-04-12 23:14:47.174 [restartedMain] INFO  o.s.c.s.PostProcessorRegistrationDelegate$BeanPostProcessorChecker - Bean 'authorizationAttributeSourceAdvisor' of type [org.apache.shiro.spring.security.interceptor.AuthorizationAttributeSourceAdvisor] is not eligible for getting processed by all BeanPostProcessors (for example: not eligible for auto-proxying)
2023-04-12 23:14:47.686 [restartedMain] INFO  o.s.boot.web.embedded.tomcat.TomcatWebServer - Tomcat initialized with port(s): 8081 (http)
2023-04-12 23:14:47.710 [restartedMain] INFO  org.apache.catalina.core.StandardService - Starting service [Tomcat]
2023-04-12 23:14:47.711 [restartedMain] INFO  org.apache.catalina.core.StandardEngine - Starting Servlet engine: [Apache Tomcat/9.0.17]
2023-04-12 23:14:47.855 [restartedMain] INFO  o.a.c.core.ContainerBase.[Tomcat].[localhost].[/] - Initializing Spring embedded WebApplicationContext
2023-04-12 23:14:47.855 [restartedMain] INFO  org.springframework.web.context.ContextLoader - Root WebApplicationContext: initialization completed in 2610 ms
2023-04-12 23:14:48.555 [restartedMain] INFO  o.s.scheduling.concurrent.ThreadPoolTaskExecutor - Initializing ExecutorService 'applicationTaskExecutor'
2023-04-12 23:14:48.928 [restartedMain] INFO  o.s.b.d.autoconfigure.OptionalLiveReloadServer - LiveReload server is running on port 35729
2023-04-12 23:14:48.997 [restartedMain] INFO  o.s.boot.web.embedded.tomcat.TomcatWebServer - Tomcat started on port(s): 8081 (http) with context path ''
2023-04-12 23:14:48.999 [restartedMain] INFO  com.gbq.hospital.HospitalApp - Started HospitalApp in 4.396 seconds (JVM running for 5.886)
